e:\coding\srtp\virtualresume\virtualresume\x64\debug\vc140.pdb
e:\coding\srtp\virtualresume\virtualresume\x64\debug\vc140.idb
e:\coding\srtp\virtualresume\virtualresume\x64\debug\glad.obj
e:\coding\srtp\virtualresume\virtualresume\x64\debug\main.obj
e:\coding\srtp\virtualresume\x64\debug\virtualresume.ilk
e:\coding\srtp\virtualresume\x64\debug\virtualresume.exe
e:\coding\srtp\virtualresume\x64\debug\virtualresume.pdb
f:\opengl\srtp\virtual-resume\virtualresume\x64\debug\glad.obj
f:\opengl\srtp\virtual-resume\virtualresume\x64\debug\info_resume.obj
f:\opengl\srtp\virtual-resume\virtualresume\x64\debug\main.obj
f:\opengl\srtp\virtual-resume\virtualresume\x64\debug\vc140.idb
f:\opengl\srtp\virtual-resume\virtualresume\x64\debug\vc141.idb
f:\opengl\srtp\virtual-resume\virtualresume\x64\debug\vc140.pdb
f:\opengl\srtp\virtual-resume\virtualresume\x64\debug\vc141.pdb
f:\opengl\srtp\virtual-resume\x64\debug\virtualresume.pdb
f:\opengl\srtp\virtual-resume\x64\debug\virtualresume.exe
f:\opengl\srtp\virtual-resume\x64\debug\virtualresume.ilk
f:\opengl\srtp\virtual-resume\virtualresume\x64\debug\virtualresume.tlog\cl.command.1.tlog
f:\opengl\srtp\virtual-resume\virtualresume\x64\debug\virtualresume.tlog\cl.read.1.tlog
f:\opengl\srtp\virtual-resume\virtualresume\x64\debug\virtualresume.tlog\cl.write.1.tlog
f:\opengl\srtp\virtual-resume\virtualresume\x64\debug\virtualresume.tlog\link.command.1.tlog
f:\opengl\srtp\virtual-resume\virtualresume\x64\debug\virtualresume.tlog\link.read.1.tlog
f:\opengl\srtp\virtual-resume\virtualresume\x64\debug\virtualresume.tlog\link.write.1.tlog
